Using pre-set license
Built from '2021.3/release' branch; Version is '2021.3.27f1 (ca3ffb99bcc6) revision 13254651'; Using compiler version '192829333'; Build Type 'Release'
OS: 'Windows 11  (10.0.22621) 64bit Professional' Language: 'en' Physical Memory: 16224 MB
BatchMode: 1, IsHumanControllingUs: 0, StartBugReporterOnCrash: 0, Is64bit: 1, IsPro: 1

COMMAND LINE ARGUMENTS:
D:\Paul Andre Lauzon\Applications\Unity\2021.3.27f1\Editor\Unity.exe
-adb2
-batchMode
-noUpm
-name
AssetImportWorker0
-projectPath
D:/Paul Andre Lauzon/Applications/Github/GameJam+/GameJamPlus
-logFile
Logs/AssetImportWorker0.log
-srvPort
52092
Successfully changed project path to: D:/Paul Andre Lauzon/Applications/Github/GameJam+/GameJamPlus
D:/Paul Andre Lauzon/Applications/Github/GameJam+/GameJamPlus
[UnityMemory] Configuration Parameters - Can be set up in boot.config
    "memorysetup-bucket-allocator-granularity=16"
    "memorysetup-bucket-allocator-bucket-count=8"
    "memorysetup-bucket-allocator-block-size=33554432"
    "memorysetup-bucket-allocator-block-count=8"
    "memorysetup-main-allocator-block-size=16777216"
    "memorysetup-thread-allocator-block-size=16777216"
    "memorysetup-gfx-main-allocator-block-size=16777216"
    "memorysetup-gfx-thread-allocator-block-size=16777216"
    "memorysetup-cache-allocator-block-size=4194304"
    "memorysetup-typetree-allocator-block-size=2097152"
    "memorysetup-profiler-bucket-allocator-granularity=16"
    "memorysetup-profiler-bucket-allocator-bucket-count=8"
    "memorysetup-profiler-bucket-allocator-block-size=33554432"
    "memorysetup-profiler-bucket-allocator-block-count=8"
    "memorysetup-profiler-allocator-block-size=16777216"
    "memorysetup-profiler-editor-allocator-block-size=1048576"
    "memorysetup-temp-allocator-size-main=16777216"
    "memorysetup-job-temp-allocator-block-size=2097152"
    "memorysetup-job-temp-allocator-block-size-background=1048576"
    "memorysetup-job-temp-allocator-reduction-small-platforms=262144"
    "memorysetup-temp-allocator-size-background-worker=32768"
    "memorysetup-temp-allocator-size-job-worker=262144"
    "memorysetup-temp-allocator-size-preload-manager=33554432"
    "memorysetup-temp-allocator-size-nav-mesh-worker=65536"
    "memorysetup-temp-allocator-size-audio-worker=65536"
    "memorysetup-temp-allocator-size-cloud-worker=32768"
    "memorysetup-temp-allocator-size-gi-baking-worker=262144"
    "memorysetup-temp-allocator-size-gfx=262144"
Player connection [21592] Host "[IP] 192.168.100.14 [Port] 0 [Flags] 2 [Guid] 1003798051 [EditorId] 1003798051 [Version] 1048832 [Id] WindowsEditor(7,DESKTOP-GIQOBSA) [Debug] 1 [PackageName] WindowsEditor [ProjectName] Editor" joined multi-casting on [225.0.0.222:54997]...

Player connection [21592] Host "[IP] 192.168.100.14 [Port] 0 [Flags] 2 [Guid] 1003798051 [EditorId] 1003798051 [Version] 1048832 [Id] WindowsEditor(7,DESKTOP-GIQOBSA) [Debug] 1 [PackageName] WindowsEditor [ProjectName] Editor" joined alternative multi-casting on [225.0.0.222:34997]...

Refreshing native plugins compatible for Editor in 158.47 ms, found 4 plugins.
Preloading 0 native plugins for Editor in 0.00 ms.
Initialize engine version: 2021.3.27f1 (ca3ffb99bcc6)
[Subsystems] Discovering subsystems at path D:/Paul Andre Lauzon/Applications/Unity/2021.3.27f1/Editor/Data/Resources/UnitySubsystems
[Subsystems] Discovering subsystems at path D:/Paul Andre Lauzon/Applications/Github/GameJam+/GameJamPlus/Assets
GfxDevice: creating device client; threaded=0; jobified=0
Direct3D:
    Version:  Direct3D 11.0 [level 11.1]
    Renderer: NVIDIA GeForce RTX 2060 (ID=0x1f11)
    Vendor:   NVIDIA
    VRAM:     5968 MB
    Driver:   31.0.15.3623
Initialize mono
Mono path[0] = 'D:/Paul Andre Lauzon/Applications/Unity/2021.3.27f1/Editor/Data/Managed'
Mono path[1] = 'D:/Paul Andre Lauzon/Applications/Unity/2021.3.27f1/Editor/Data/MonoBleedingEdge/lib/mono/unityjit-win32'
Mono config path = 'D:/Paul Andre Lauzon/Applications/Unity/2021.3.27f1/Editor/Data/MonoBleedingEdge/etc'
Using monoOptions --debugger-agent=transport=dt_socket,embedding=1,server=y,suspend=n,address=127.0.0.1:56444
Begin MonoManager ReloadAssembly
Registering precompiled unity dll's ...
Register platform support module: D:/Paul Andre Lauzon/Applications/Unity/2021.3.27f1/Editor/Data/PlaybackEngines/WindowsStandaloneSupport/UnityEditor.WindowsStandalone.Extensions.dll
Registered in 0.019777 seconds.
Native extension for WindowsStandalone target not found
Refreshing native plugins compatible for Editor in 135.41 ms, found 4 plugins.
Preloading 0 native plugins for Editor in 0.00 ms.
Mono: successfully reloaded assembly
- Completed reload, in  0.850 seconds
Domain Reload Profiling:
	ReloadAssembly (850ms)
		BeginReloadAssembly (136ms)
			ExecutionOrderSort (0ms)
			DisableScriptedObjects (0ms)
			BackupInstance (0ms)
			ReleaseScriptingObjects (0ms)
			CreateAndSetChildDomain (1ms)
		EndReloadAssembly (566ms)
			LoadAssemblies (129ms)
			RebuildTransferFunctionScriptingTraits (0ms)
			SetupTypeCache (118ms)
			ReleaseScriptCaches (0ms)
			RebuildScriptCaches (32ms)
			SetupLoadedEditorAssemblies (332ms)
				LogAssemblyErrors (0ms)
				InitializePlatformSupportModulesInManaged (12ms)
				SetLoadedEditorAssemblies (0ms)
				RefreshPlugins (135ms)
				BeforeProcessingInitializeOnLoad (1ms)
				ProcessInitializeOnLoadAttributes (129ms)
				ProcessInitializeOnLoadMethodAttributes (53ms)
				AfterProcessingInitializeOnLoad (0ms)
				EditorAssembliesLoaded (0ms)
			ExecutionOrderSort2 (0ms)
			AwakeInstancesAfterBackupRestoration (0ms)
Platform modules already initialized, skipping
Registering precompiled user dll's ...
Registered in 0.022033 seconds.
Begin MonoManager ReloadAssembly
Symbol file LoadedFromMemory doesn't match image D:\Paul Andre Lauzon\Applications\Github\GameJam+\GameJamPlus\Library\PackageCache\com.unity.visualscripting@1.8.0\Editor\VisualScripting.Core\Dependencies\DotNetZip\Unity.VisualScripting.IonicZip.dll
Symbol file LoadedFromMemory is not a mono symbol file
Symbol file LoadedFromMemory doesn't match image D:\Paul Andre Lauzon\Applications\Github\GameJam+\GameJamPlus\Library\PackageCache\com.unity.visualscripting@1.8.0\Editor\VisualScripting.Core\Dependencies\YamlDotNet\Unity.VisualScripting.YamlDotNet.dll
Native extension for WindowsStandalone target not found
Refreshing native plugins compatible for Editor in 135.33 ms, found 4 plugins.
Preloading 0 native plugins for Editor in 0.00 ms.
Mono: successfully reloaded assembly
- Completed reload, in  1.801 seconds
Domain Reload Profiling:
	ReloadAssembly (1802ms)
		BeginReloadAssembly (165ms)
			ExecutionOrderSort (0ms)
			DisableScriptedObjects (6ms)
			BackupInstance (0ms)
			ReleaseScriptingObjects (0ms)
			CreateAndSetChildDomain (20ms)
		EndReloadAssembly (1486ms)
			LoadAssemblies (180ms)
			RebuildTransferFunctionScriptingTraits (0ms)
			SetupTypeCache (323ms)
			ReleaseScriptCaches (1ms)
			RebuildScriptCaches (73ms)
			SetupLoadedEditorAssemblies (870ms)
				LogAssemblyErrors (0ms)
				InitializePlatformSupportModulesInManaged (8ms)
				SetLoadedEditorAssemblies (0ms)
				RefreshPlugins (135ms)
				BeforeProcessingInitializeOnLoad (215ms)
				ProcessInitializeOnLoadAttributes (266ms)
				ProcessInitializeOnLoadMethodAttributes (224ms)
				AfterProcessingInitializeOnLoad (22ms)
				EditorAssembliesLoaded (0ms)
			ExecutionOrderSort2 (0ms)
			AwakeInstancesAfterBackupRestoration (8ms)
Platform modules already initialized, skipping
========================================================================
Worker process is ready to serve import requests
Launched and connected shader compiler UnityShaderCompiler.exe after 0.10 seconds
Refreshing native plugins compatible for Editor in 1.13 ms, found 4 plugins.
Preloading 0 native plugins for Editor in 0.00 ms.
Unloading 6110 Unused Serialized files (Serialized files now loaded: 0)
Unloading 70 unused Assets / (0.7 MB). Loaded Objects now: 6536.
Memory consumption went from 231.7 MB to 230.9 MB.
Total: 7.535800 ms (FindLiveObjects: 0.486800 ms CreateObjectMapping: 0.499000 ms MarkObjects: 6.222000 ms  DeleteObjects: 0.326500 ms)

AssetImportParameters requested are different than current active one (requested -> active):
  custom:video-decoder-ogg-theora: a1e56fd34408186e4bbccfd4996cb3dc -> 
  custom:container-muxer-webm: aa71ff27fc2769a1b78a27578f13a17b -> 
  custom:container-demuxer-webm: 4f35f7cbe854078d1ac9338744f61a02 -> 
  custom:video-encoder-webm-vp8: eb34c28f22e8b96e1ab97ce403110664 -> 
  custom:video-codec-MediaFoundation-h265: 746d11721c4dcdbdad8f713fa42b33f4 -> 
  custom:audio-encoder-webm-vorbis: bf7c407c2cedff20999df2af8eb42d56 -> 
  custom:framework-win-MediaFoundation: 216162199b28c13a410421893ffa2e32 -> 
  custom:container-demuxer-ogg: 62fdf1f143b41e24485cea50d1cbac27 -> 
  custom:video-decoder-webm-vp8: 9c59270c3fd7afecdb556c50c9e8de78 -> 
  custom:audio-decoder-ogg-vorbis: bf7c407c2cedff20999df2af8eb42d56 -> 
========================================================================
Received Import Request.
  Time since last request: 37005.157082 seconds.
  path: Assets
  artifactKey: Guid(00000000000000001000000000000000) Importer(815301076,1909f56bfc062723c751e8b465ee728b)
Start importing Assets using Guid(00000000000000001000000000000000) Importer(815301076,1909f56bfc062723c751e8b465ee728b)  -> (artifact id: '79842766b460edbeab6a34051e857a80') in 0.113509 seconds 
========================================================================
Received Import Request.
  Time since last request: 0.000055 seconds.
  path: Assets/TextMesh Pro
  artifactKey: Guid(f54d1bd14bd3ca042bd867b519fee8cc) Importer(815301076,1909f56bfc062723c751e8b465ee728b)
Start importing Assets/TextMesh Pro using Guid(f54d1bd14bd3ca042bd867b519fee8cc) Importer(815301076,1909f56bfc062723c751e8b465ee728b)  -> (artifact id: '6d457b26d2bc8024e58729449d46e968') in 0.022241 seconds 
========================================================================
Received Import Request.
  Time since last request: 0.000041 seconds.
  path: Assets/Resources
  artifactKey: Guid(3010eff02cc6ba54b92006d39c53559d) Importer(815301076,1909f56bfc062723c751e8b465ee728b)
Start importing Assets/Resources using Guid(3010eff02cc6ba54b92006d39c53559d) Importer(815301076,1909f56bfc062723c751e8b465ee728b)  -> (artifact id: 'b01f7e30f749763e86df15f55aed6877') in 0.010376 seconds 
========================================================================
Received Import Request.
  Time since last request: 0.000063 seconds.
  path: Assets/TY_enemy_ai
  artifactKey: Guid(e425efd859ec07f489f86931df205c4a) Importer(815301076,1909f56bfc062723c751e8b465ee728b)
Start importing Assets/TY_enemy_ai using Guid(e425efd859ec07f489f86931df205c4a) Importer(815301076,1909f56bfc062723c751e8b465ee728b)  -> (artifact id: '234dba4bc7ac81712585d5e7798a721f') in 0.008349 seconds 
========================================================================
Received Import Request.
  Time since last request: 1.490236 seconds.
  path: Assets/TY_enemy_ai/NavMeshComponents
  artifactKey: Guid(26114bde12809af48a118a848569827a) Importer(815301076,1909f56bfc062723c751e8b465ee728b)
Start importing Assets/TY_enemy_ai/NavMeshComponents using Guid(26114bde12809af48a118a848569827a) Importer(815301076,1909f56bfc062723c751e8b465ee728b)  -> (artifact id: 'b0560690cced666b87874dd0ab2adc4a') in 0.009259 seconds 
========================================================================
Received Import Request.
  Time since last request: 0.282378 seconds.
  path: Assets/TY_enemy_ai/Prefab
  artifactKey: Guid(142353cdcb8001647950432c3dbc5705) Importer(815301076,1909f56bfc062723c751e8b465ee728b)
Start importing Assets/TY_enemy_ai/Prefab using Guid(142353cdcb8001647950432c3dbc5705) Importer(815301076,1909f56bfc062723c751e8b465ee728b)  -> (artifact id: 'b19f85e9d647aa9dafbc1ecb7752d154') in 0.008476 seconds 
========================================================================
Received Import Request.
  Time since last request: 0.277006 seconds.
  path: Assets/TY_enemy_ai/Scripts
  artifactKey: Guid(5a97579bb1c78e94088af1313fa3aa76) Importer(815301076,1909f56bfc062723c751e8b465ee728b)
Start importing Assets/TY_enemy_ai/Scripts using Guid(5a97579bb1c78e94088af1313fa3aa76) Importer(815301076,1909f56bfc062723c751e8b465ee728b)  -> (artifact id: '75b33e1e9b00e63bf06245da9c611799') in 0.008776 seconds 
========================================================================
Received Import Request.
  Time since last request: 2.631885 seconds.
  path: Assets/TY_enemy_ai/assets
  artifactKey: Guid(f9919d03e816e064bb42d34a7ccbe04e) Importer(815301076,1909f56bfc062723c751e8b465ee728b)
Start importing Assets/TY_enemy_ai/assets using Guid(f9919d03e816e064bb42d34a7ccbe04e) Importer(815301076,1909f56bfc062723c751e8b465ee728b)  -> (artifact id: '200c35248b37b2a88729fcdcfbdb1605') in 0.009762 seconds 
========================================================================
Received Import Request.
  Time since last request: 0.030217 seconds.
  path: Assets/TY_enemy_ai/assets/bg_color.mat
  artifactKey: Guid(a3b07fedbee1e9345940a151f7608e88) Importer(815301076,1909f56bfc062723c751e8b465ee728b)
Start importing Assets/TY_enemy_ai/assets/bg_color.mat using Guid(a3b07fedbee1e9345940a151f7608e88) Importer(815301076,1909f56bfc062723c751e8b465ee728b)  -> (artifact id: 'e5db44c9bc772f7e22780c51e092c61c') in 0.079306 seconds 
========================================================================
Received Prepare
Registering precompiled user dll's ...
Registered in 0.020140 seconds.
Begin MonoManager ReloadAssembly
Symbol file LoadedFromMemory doesn't match image D:\Paul Andre Lauzon\Applications\Github\GameJam+\GameJamPlus\Library\PackageCache\com.unity.visualscripting@1.8.0\Editor\VisualScripting.Core\Dependencies\DotNetZip\Unity.VisualScripting.IonicZip.dll
Symbol file LoadedFromMemory is not a mono symbol file
Symbol file LoadedFromMemory doesn't match image D:\Paul Andre Lauzon\Applications\Github\GameJam+\GameJamPlus\Library\PackageCache\com.unity.visualscripting@1.8.0\Editor\VisualScripting.Core\Dependencies\YamlDotNet\Unity.VisualScripting.YamlDotNet.dll
Native extension for WindowsStandalone target not found
Refreshing native plugins compatible for Editor in 1.28 ms, found 4 plugins.
Preloading 0 native plugins for Editor in 0.00 ms.
Mono: successfully reloaded assembly
- Completed reload, in  2.060 seconds
Domain Reload Profiling:
	ReloadAssembly (2061ms)
		BeginReloadAssembly (266ms)
			ExecutionOrderSort (0ms)
			DisableScriptedObjects (8ms)
			BackupInstance (0ms)
			ReleaseScriptingObjects (0ms)
			CreateAndSetChildDomain (59ms)
		EndReloadAssembly (1635ms)
			LoadAssemblies (212ms)
			RebuildTransferFunctionScriptingTraits (0ms)
			SetupTypeCache (415ms)
			ReleaseScriptCaches (3ms)
			RebuildScriptCaches (87ms)
			SetupLoadedEditorAssemblies (834ms)
				LogAssemblyErrors (0ms)
				InitializePlatformSupportModulesInManaged (14ms)
				SetLoadedEditorAssemblies (1ms)
				RefreshPlugins (1ms)
				BeforeProcessingInitializeOnLoad (206ms)
				ProcessInitializeOnLoadAttributes (294ms)
				ProcessInitializeOnLoadMethodAttributes (288ms)
				AfterProcessingInitializeOnLoad (30ms)
				EditorAssembliesLoaded (0ms)
			ExecutionOrderSort2 (0ms)
			AwakeInstancesAfterBackupRestoration (17ms)
Platform modules already initialized, skipping
Refreshing native plugins compatible for Editor in 12.41 ms, found 4 plugins.
Preloading 0 native plugins for Editor in 0.00 ms.
Unloading 5965 Unused Serialized files (Serialized files now loaded: 0)
Unloading 57 unused Assets / (0.7 MB). Loaded Objects now: 6540.
Memory consumption went from 220.8 MB to 220.1 MB.
Total: 8.180600 ms (FindLiveObjects: 0.468300 ms CreateObjectMapping: 0.545700 ms MarkObjects: 6.741400 ms  DeleteObjects: 0.423600 ms)

AssetImportParameters requested are different than current active one (requested -> active):
  custom:video-decoder-ogg-theora: a1e56fd34408186e4bbccfd4996cb3dc -> 
  custom:container-muxer-webm: aa71ff27fc2769a1b78a27578f13a17b -> 
  custom:container-demuxer-webm: 4f35f7cbe854078d1ac9338744f61a02 -> 
  custom:video-encoder-webm-vp8: eb34c28f22e8b96e1ab97ce403110664 -> 
  custom:video-codec-MediaFoundation-h265: 746d11721c4dcdbdad8f713fa42b33f4 -> 
  custom:audio-encoder-webm-vorbis: bf7c407c2cedff20999df2af8eb42d56 -> 
  custom:framework-win-MediaFoundation: 216162199b28c13a410421893ffa2e32 -> 
  custom:container-demuxer-ogg: 62fdf1f143b41e24485cea50d1cbac27 -> 
  custom:video-decoder-webm-vp8: 9c59270c3fd7afecdb556c50c9e8de78 -> 
  custom:audio-decoder-ogg-vorbis: bf7c407c2cedff20999df2af8eb42d56 -> 
========================================================================
Received Import Request.
  Time since last request: 14.355026 seconds.
  path: Assets/Settings/UniversalRP.asset
  artifactKey: Guid(681886c5eb7344803b6206f758bf0b1c) Importer(815301076,1909f56bfc062723c751e8b465ee728b)
Start importing Assets/Settings/UniversalRP.asset using Guid(681886c5eb7344803b6206f758bf0b1c) Importer(815301076,1909f56bfc062723c751e8b465ee728b)  -> (artifact id: '4f32402741679e166e6f4c0b390951e1') in 0.039727 seconds 
========================================================================
Received Import Request.
  Time since last request: 0.000039 seconds.
  path: Assets/Settings/Renderer2D.asset
  artifactKey: Guid(424799608f7334c24bf367e4bbfa7f9a) Importer(815301076,1909f56bfc062723c751e8b465ee728b)
Start importing Assets/Settings/Renderer2D.asset using Guid(424799608f7334c24bf367e4bbfa7f9a) Importer(815301076,1909f56bfc062723c751e8b465ee728b)  -> (artifact id: '13d983e8e46830c21d777fa86a32e8fa') in 0.010696 seconds 
========================================================================
Received Import Request.
  Time since last request: 0.000025 seconds.
  path: Assets/Settings/Lit2DSceneTemplate.scenetemplate
  artifactKey: Guid(d03ed43fc9d8a4f2e9fa70c1c7916eb9) Importer(815301076,1909f56bfc062723c751e8b465ee728b)
Start importing Assets/Settings/Lit2DSceneTemplate.scenetemplate using Guid(d03ed43fc9d8a4f2e9fa70c1c7916eb9) Importer(815301076,1909f56bfc062723c751e8b465ee728b)  -> (artifact id: '6af9f17ede6fc5a1745c9f4a09d21b8f') in 0.319236 seconds 
========================================================================
Received Import Request.
  Time since last request: 5.066355 seconds.
  path: Assets/Settings/Scenes
  artifactKey: Guid(d574b2fb4661c408f80aa76c0182931f) Importer(815301076,1909f56bfc062723c751e8b465ee728b)
Start importing Assets/Settings/Scenes using Guid(d574b2fb4661c408f80aa76c0182931f) Importer(815301076,1909f56bfc062723c751e8b465ee728b)  -> (artifact id: 'a14298558c761956c08c4752d1c022d4') in 0.002898 seconds 
========================================================================
Received Import Request.
  Time since last request: 0.901178 seconds.
  path: Assets/Settings/Scenes/URP2DSceneTemplate.unity
  artifactKey: Guid(2cda990e2423bbf4892e6590ba056729) Importer(815301076,1909f56bfc062723c751e8b465ee728b)
Start importing Assets/Settings/Scenes/URP2DSceneTemplate.unity using Guid(2cda990e2423bbf4892e6590ba056729) Importer(815301076,1909f56bfc062723c751e8b465ee728b)  -> (artifact id: '62bced178d4085716d6a12c15e974607') in 0.025034 seconds 
========================================================================
Received Prepare
Registering precompiled user dll's ...
Registered in 0.021900 seconds.
Begin MonoManager ReloadAssembly
Symbol file LoadedFromMemory doesn't match image D:\Paul Andre Lauzon\Applications\Github\GameJam+\GameJamPlus\Library\PackageCache\com.unity.visualscripting@1.8.0\Editor\VisualScripting.Core\Dependencies\DotNetZip\Unity.VisualScripting.IonicZip.dll
Symbol file LoadedFromMemory is not a mono symbol file
Symbol file LoadedFromMemory doesn't match image D:\Paul Andre Lauzon\Applications\Github\GameJam+\GameJamPlus\Library\PackageCache\com.unity.visualscripting@1.8.0\Editor\VisualScripting.Core\Dependencies\YamlDotNet\Unity.VisualScripting.YamlDotNet.dll
Native extension for WindowsStandalone target not found
Refreshing native plugins compatible for Editor in 1.30 ms, found 4 plugins.
Preloading 0 native plugins for Editor in 0.00 ms.
Mono: successfully reloaded assembly
- Completed reload, in  1.836 seconds
Domain Reload Profiling:
	ReloadAssembly (1837ms)
		BeginReloadAssembly (220ms)
			ExecutionOrderSort (0ms)
			DisableScriptedObjects (11ms)
			BackupInstance (0ms)
			ReleaseScriptingObjects (0ms)
			CreateAndSetChildDomain (54ms)
		EndReloadAssembly (1484ms)
			LoadAssemblies (189ms)
			RebuildTransferFunctionScriptingTraits (0ms)
			SetupTypeCache (369ms)
			ReleaseScriptCaches (2ms)
			RebuildScriptCaches (71ms)
			SetupLoadedEditorAssemblies (775ms)
				LogAssemblyErrors (0ms)
				InitializePlatformSupportModulesInManaged (10ms)
				SetLoadedEditorAssemblies (1ms)
				RefreshPlugins (1ms)
				BeforeProcessingInitializeOnLoad (194ms)
				ProcessInitializeOnLoadAttributes (280ms)
				ProcessInitializeOnLoadMethodAttributes (263ms)
				AfterProcessingInitializeOnLoad (25ms)
				EditorAssembliesLoaded (0ms)
			ExecutionOrderSort2 (0ms)
			AwakeInstancesAfterBackupRestoration (12ms)
Platform modules already initialized, skipping
Refreshing native plugins compatible for Editor in 10.72 ms, found 4 plugins.
Preloading 0 native plugins for Editor in 0.00 ms.
Unloading 5967 Unused Serialized files (Serialized files now loaded: 0)
Unloading 59 unused Assets / (0.7 MB). Loaded Objects now: 6543.
Memory consumption went from 220.8 MB to 220.1 MB.
Total: 7.600400 ms (FindLiveObjects: 0.469500 ms CreateObjectMapping: 0.439500 ms MarkObjects: 6.092900 ms  DeleteObjects: 0.597100 ms)

AssetImportParameters requested are different than current active one (requested -> active):
  custom:video-decoder-ogg-theora: a1e56fd34408186e4bbccfd4996cb3dc -> 
  custom:container-muxer-webm: aa71ff27fc2769a1b78a27578f13a17b -> 
  custom:container-demuxer-webm: 4f35f7cbe854078d1ac9338744f61a02 -> 
  custom:video-encoder-webm-vp8: eb34c28f22e8b96e1ab97ce403110664 -> 
  custom:video-codec-MediaFoundation-h265: 746d11721c4dcdbdad8f713fa42b33f4 -> 
  custom:audio-encoder-webm-vorbis: bf7c407c2cedff20999df2af8eb42d56 -> 
  custom:framework-win-MediaFoundation: 216162199b28c13a410421893ffa2e32 -> 
  custom:container-demuxer-ogg: 62fdf1f143b41e24485cea50d1cbac27 -> 
  custom:video-decoder-webm-vp8: 9c59270c3fd7afecdb556c50c9e8de78 -> 
  custom:audio-decoder-ogg-vorbis: bf7c407c2cedff20999df2af8eb42d56 -> 
========================================================================
Received Import Request.
  Time since last request: 12.705357 seconds.
  path: Assets/Scenes/SampleScene.unity
  artifactKey: Guid(8c9cfa26abfee488c85f1582747f6a02) Importer(815301076,1909f56bfc062723c751e8b465ee728b)
Start importing Assets/Scenes/SampleScene.unity using Guid(8c9cfa26abfee488c85f1582747f6a02) Importer(815301076,1909f56bfc062723c751e8b465ee728b)  -> (artifact id: '8f6abe828034858d57557c0ceb3f69aa') in 0.015720 seconds 
========================================================================
Received Import Request.
  Time since last request: 0.309335 seconds.
  path: Assets/Scenes/TY_enemy_ai.unity
  artifactKey: Guid(b2b3243dadab98a4aa999f0e93223390) Importer(815301076,1909f56bfc062723c751e8b465ee728b)
Start importing Assets/Scenes/TY_enemy_ai.unity using Guid(b2b3243dadab98a4aa999f0e93223390) Importer(815301076,1909f56bfc062723c751e8b465ee728b)  -> (artifact id: 'a0c86a6ee0748d96a52e48064a037537') in 0.008626 seconds 
========================================================================
Received Prepare
Registering precompiled user dll's ...
Registered in 0.020560 seconds.
Begin MonoManager ReloadAssembly
Symbol file LoadedFromMemory doesn't match image D:\Paul Andre Lauzon\Applications\Github\GameJam+\GameJamPlus\Library\PackageCache\com.unity.visualscripting@1.8.0\Editor\VisualScripting.Core\Dependencies\DotNetZip\Unity.VisualScripting.IonicZip.dll
Symbol file LoadedFromMemory is not a mono symbol file
Symbol file LoadedFromMemory doesn't match image D:\Paul Andre Lauzon\Applications\Github\GameJam+\GameJamPlus\Library\PackageCache\com.unity.visualscripting@1.8.0\Editor\VisualScripting.Core\Dependencies\YamlDotNet\Unity.VisualScripting.YamlDotNet.dll
Native extension for WindowsStandalone target not found
Refreshing native plugins compatible for Editor in 1.42 ms, found 4 plugins.
Preloading 0 native plugins for Editor in 0.00 ms.
Mono: successfully reloaded assembly
- Completed reload, in  2.012 seconds
Domain Reload Profiling:
	ReloadAssembly (2013ms)
		BeginReloadAssembly (264ms)
			ExecutionOrderSort (0ms)
			DisableScriptedObjects (11ms)
			BackupInstance (0ms)
			ReleaseScriptingObjects (0ms)
			CreateAndSetChildDomain (62ms)
		EndReloadAssembly (1574ms)
			LoadAssemblies (229ms)
			RebuildTransferFunctionScriptingTraits (0ms)
			SetupTypeCache (416ms)
			ReleaseScriptCaches (3ms)
			RebuildScriptCaches (76ms)
			SetupLoadedEditorAssemblies (790ms)
				LogAssemblyErrors (0ms)
				InitializePlatformSupportModulesInManaged (12ms)
				SetLoadedEditorAssemblies (1ms)
				RefreshPlugins (1ms)
				BeforeProcessingInitializeOnLoad (206ms)
				ProcessInitializeOnLoadAttributes (274ms)
				ProcessInitializeOnLoadMethodAttributes (267ms)
				AfterProcessingInitializeOnLoad (28ms)
				EditorAssembliesLoaded (0ms)
			ExecutionOrderSort2 (0ms)
			AwakeInstancesAfterBackupRestoration (13ms)
Platform modules already initialized, skipping
Refreshing native plugins compatible for Editor in 12.44 ms, found 4 plugins.
Preloading 0 native plugins for Editor in 0.00 ms.
Unloading 5965 Unused Serialized files (Serialized files now loaded: 0)
Unloading 57 unused Assets / (0.7 MB). Loaded Objects now: 6546.
Memory consumption went from 220.8 MB to 220.1 MB.
Total: 6.754700 ms (FindLiveObjects: 0.438500 ms CreateObjectMapping: 0.458500 ms MarkObjects: 5.533900 ms  DeleteObjects: 0.322900 ms)

AssetImportParameters requested are different than current active one (requested -> active):
  custom:video-decoder-ogg-theora: a1e56fd34408186e4bbccfd4996cb3dc -> 
  custom:container-muxer-webm: aa71ff27fc2769a1b78a27578f13a17b -> 
  custom:container-demuxer-webm: 4f35f7cbe854078d1ac9338744f61a02 -> 
  custom:video-encoder-webm-vp8: eb34c28f22e8b96e1ab97ce403110664 -> 
  custom:video-codec-MediaFoundation-h265: 746d11721c4dcdbdad8f713fa42b33f4 -> 
  custom:audio-encoder-webm-vorbis: bf7c407c2cedff20999df2af8eb42d56 -> 
  custom:framework-win-MediaFoundation: 216162199b28c13a410421893ffa2e32 -> 
  custom:container-demuxer-ogg: 62fdf1f143b41e24485cea50d1cbac27 -> 
  custom:video-decoder-webm-vp8: 9c59270c3fd7afecdb556c50c9e8de78 -> 
  custom:audio-decoder-ogg-vorbis: bf7c407c2cedff20999df2af8eb42d56 -> 
========================================================================
Received Import Request.
  Time since last request: 19.895356 seconds.
  path: Assets/Scenes/TY_enemy_ai
  artifactKey: Guid(6a0973784ed081448a7248eb4a96b30e) Importer(815301076,1909f56bfc062723c751e8b465ee728b)
Start importing Assets/Scenes/TY_enemy_ai using Guid(6a0973784ed081448a7248eb4a96b30e) Importer(815301076,1909f56bfc062723c751e8b465ee728b)  -> (artifact id: '5f701d8af4314d113159b680f5fc7d1e') in 0.011444 seconds 
========================================================================
Received Import Request.
  Time since last request: 17.350821 seconds.
  path: Assets/Scenes/TY_enemy_ai/NavMesh-NavMesh.asset
  artifactKey: Guid(5fac8ead785cc0b46b5ae75a723d7b3e) Importer(815301076,1909f56bfc062723c751e8b465ee728b)
Start importing Assets/Scenes/TY_enemy_ai/NavMesh-NavMesh.asset using Guid(5fac8ead785cc0b46b5ae75a723d7b3e) Importer(815301076,1909f56bfc062723c751e8b465ee728b)  -> (artifact id: '3cfe29d69a888415bd6b89c2024e9a48') in 0.011034 seconds 
========================================================================
Received Import Request.
  Time since last request: 72.633156 seconds.
  path: Assets/Scenes/Paul Scene
  artifactKey: Guid(edc69e4301d434347a95536e1cf1cfbc) Importer(815301076,1909f56bfc062723c751e8b465ee728b)
Start importing Assets/Scenes/Paul Scene using Guid(edc69e4301d434347a95536e1cf1cfbc) Importer(815301076,1909f56bfc062723c751e8b465ee728b)  -> (artifact id: '6b2236e1049a6b73016256ec58fa5c88') in 0.010564 seconds 
========================================================================
Received Import Request.
  Time since last request: 6.046438 seconds.
  path: Assets/Scenes/Paul Scene/New Scene.unity
  artifactKey: Guid(161ba7cf8b1b26247937e7b71881f862) Importer(815301076,1909f56bfc062723c751e8b465ee728b)
Start importing Assets/Scenes/Paul Scene/New Scene.unity using Guid(161ba7cf8b1b26247937e7b71881f862) Importer(815301076,1909f56bfc062723c751e8b465ee728b)  -> (artifact id: 'c9918e732b3d01f01138ccad2a29d5c2') in 0.009474 seconds 
========================================================================
Received Import Request.
  Time since last request: 5.347161 seconds.
  path: Assets/Scenes/Paul Scene/Paul_Scene.unity
  artifactKey: Guid(161ba7cf8b1b26247937e7b71881f862) Importer(815301076,1909f56bfc062723c751e8b465ee728b)
Start importing Assets/Scenes/Paul Scene/Paul_Scene.unity using Guid(161ba7cf8b1b26247937e7b71881f862) Importer(815301076,1909f56bfc062723c751e8b465ee728b)  -> (artifact id: 'ba25d5a1375ca3bfd74604fa99800c84') in 0.011236 seconds 
========================================================================
Received Import Request.
  Time since last request: 99.388854 seconds.
  path: Assets/Assets
  artifactKey: Guid(3c6ce78722ddb8f46b6aa661ea47438c) Importer(815301076,1909f56bfc062723c751e8b465ee728b)
Start importing Assets/Assets using Guid(3c6ce78722ddb8f46b6aa661ea47438c) Importer(815301076,1909f56bfc062723c751e8b465ee728b)  -> (artifact id: 'a0245d78652f900f7204c5f581f08dd5') in 0.003174 seconds 
========================================================================
Received Import Request.
  Time since last request: 10.118446 seconds.
  path: Assets/Assets/Bg3.png
  artifactKey: Guid(98fc25e3730f25b43871f7ef237c6d5e) Importer(815301076,1909f56bfc062723c751e8b465ee728b)
Start importing Assets/Assets/Bg3.png using Guid(98fc25e3730f25b43871f7ef237c6d5e) Importer(815301076,1909f56bfc062723c751e8b465ee728b)  -> (artifact id: '18553f35ce40c7760444f4cb067deecf') in 0.073738 seconds 
